TN:
SF:src/Basic_class/album.ts
FN:23,(anonymous_0)
FN:32,(anonymous_1)
FN:40,(anonymous_2)
FN:47,(anonymous_3)
FN:55,(anonymous_4)
FN:63,(anonymous_5)
FN:71,(anonymous_6)
FN:78,(anonymous_7)
FN:86,(anonymous_8)
FN:94,(anonymous_9)
FN:105,(anonymous_10)
FN:107,(anonymous_11)
FN:119,(anonymous_12)
FN:130,(anonymous_13)
FN:132,(anonymous_14)
FN:140,(anonymous_15)
FN:143,(anonymous_16)
FN:145,(anonymous_17)
FN:148,(anonymous_18)
FN:151,(anonymous_19)
FNF:20
FNH:15
FNDA:10,(anonymous_0)
FNDA:1,(anonymous_1)
FNDA:1,(anonymous_2)
FNDA:2,(anonymous_3)
FNDA:2,(anonymous_4)
FNDA:2,(anonymous_5)
FNDA:2,(anonymous_6)
FNDA:2,(anonymous_7)
FNDA:2,(anonymous_8)
FNDA:1,(anonymous_9)
FNDA:1,(anonymous_10)
FNDA:2,(anonymous_11)
FNDA:1,(anonymous_12)
FNDA:1,(anonymous_13)
FNDA:6,(anonymous_14)
FNDA:0,(anonymous_15)
FNDA:0,(anonymous_16)
FNDA:0,(anonymous_17)
FNDA:0,(anonymous_18)
FNDA:0,(anonymous_19)
DA:1,1
DA:2,1
DA:3,1
DA:4,1
DA:16,1
DA:23,10
DA:24,10
DA:33,1
DA:41,1
DA:48,2
DA:56,2
DA:64,2
DA:72,2
DA:79,2
DA:87,2
DA:95,1
DA:96,1
DA:97,1
DA:106,1
DA:107,1
DA:108,2
DA:109,1
DA:112,1
DA:120,1
DA:121,1
DA:122,1
DA:131,1
DA:132,1
DA:133,6
DA:134,1
DA:137,1
DA:141,0
DA:143,0
DA:144,0
DA:145,0
DA:147,0
DA:148,0
DA:149,0
DA:150,0
DA:151,0
DA:152,0
DA:153,0
DA:155,0
DA:156,0
DA:159,0
DA:162,0
LF:46
LH:31
BRDA:108,0,0,1
BRDA:108,0,1,1
BRDA:133,1,0,1
BRDA:133,1,1,5
BRDA:149,2,0,0
BRDA:149,2,1,0
BRF:6
BRH:4
end_of_record
TN:
SF:src/Basic_class/artist.ts
FN:25,(anonymous_0)
FN:36,(anonymous_1)
FN:37,(anonymous_2)
FN:46,(anonymous_3)
FN:54,(anonymous_4)
FN:62,(anonymous_5)
FN:70,(anonymous_6)
FN:78,(anonymous_7)
FN:86,(anonymous_8)
FN:94,(anonymous_9)
FN:106,(anonymous_10)
FN:108,(anonymous_11)
FN:116,(anonymous_12)
FN:119,(anonymous_13)
FN:121,(anonymous_14)
FNF:15
FNH:12
FNDA:23,(anonymous_0)
FNDA:18,(anonymous_1)
FNDA:18,(anonymous_2)
FNDA:6,(anonymous_3)
FNDA:3,(anonymous_4)
FNDA:20,(anonymous_5)
FNDA:2,(anonymous_6)
FNDA:2,(anonymous_7)
FNDA:2,(anonymous_8)
FNDA:1,(anonymous_9)
FNDA:1,(anonymous_10)
FNDA:2,(anonymous_11)
FNDA:0,(anonymous_12)
FNDA:0,(anonymous_13)
FNDA:0,(anonymous_14)
DA:3,1
DA:16,1
DA:25,23
DA:26,23
DA:37,18
DA:38,18
DA:47,6
DA:55,3
DA:63,20
DA:71,2
DA:79,2
DA:87,2
DA:95,1
DA:96,1
DA:97,1
DA:107,1
DA:108,1
DA:109,2
DA:110,1
DA:113,1
DA:117,0
DA:119,0
DA:120,0
DA:121,0
DA:123,0
DA:125,0
LF:26
LH:20
BRDA:109,0,0,1
BRDA:109,0,1,1
BRF:2
BRH:2
end_of_record
TN:
SF:src/Basic_class/group.ts
FN:25,(anonymous_0)
FN:34,(anonymous_1)
FN:42,(anonymous_2)
FN:50,(anonymous_3)
FN:58,(anonymous_4)
FN:66,(anonymous_5)
FN:74,(anonymous_6)
FN:82,(anonymous_7)
FN:90,(anonymous_8)
FN:98,(anonymous_9)
FN:109,(anonymous_10)
FN:111,(anonymous_11)
FN:123,(anonymous_12)
FN:134,(anonymous_13)
FN:136,(anonymous_14)
FN:144,(anonymous_15)
FN:147,(anonymous_16)
FN:149,(anonymous_17)
FN:152,(anonymous_18)
FNF:19
FNH:15
FNDA:5,(anonymous_0)
FNDA:1,(anonymous_1)
FNDA:2,(anonymous_2)
FNDA:2,(anonymous_3)
FNDA:20,(anonymous_4)
FNDA:2,(anonymous_5)
FNDA:1,(anonymous_6)
FNDA:2,(anonymous_7)
FNDA:2,(anonymous_8)
FNDA:1,(anonymous_9)
FNDA:1,(anonymous_10)
FNDA:4,(anonymous_11)
FNDA:1,(anonymous_12)
FNDA:1,(anonymous_13)
FNDA:2,(anonymous_14)
FNDA:0,(anonymous_15)
FNDA:0,(anonymous_16)
FNDA:0,(anonymous_17)
FNDA:0,(anonymous_18)
DA:3,1
DA:4,1
DA:17,1
DA:25,5
DA:26,5
DA:35,1
DA:43,2
DA:51,2
DA:59,20
DA:67,2
DA:75,1
DA:83,2
DA:91,2
DA:99,1
DA:100,1
DA:101,1
DA:110,1
DA:111,1
DA:112,4
DA:113,1
DA:116,1
DA:124,1
DA:125,1
DA:126,1
DA:135,1
DA:136,1
DA:137,2
DA:138,1
DA:141,1
DA:145,0
DA:147,0
DA:148,0
DA:149,0
DA:151,0
DA:152,0
DA:154,0
DA:157,0
LF:37
LH:29
BRDA:112,0,0,1
BRDA:112,0,1,3
BRDA:137,1,0,1
BRDA:137,1,1,1
BRF:4
BRH:4
end_of_record
TN:
SF:src/Basic_class/music_gender.ts
FN:15,(anonymous_0)
FN:23,(anonymous_1)
FN:31,(anonymous_2)
FN:35,(anonymous_3)
FN:37,(anonymous_4)
FNF:5
FNH:3
FNDA:10,(anonymous_0)
FNDA:13,(anonymous_1)
FNDA:2,(anonymous_2)
FNDA:0,(anonymous_3)
FNDA:0,(anonymous_4)
DA:9,1
DA:15,10
DA:24,13
DA:32,2
DA:36,0
DA:37,0
DA:38,0
DA:40,0
LF:8
LH:4
BRF:0
BRH:0
end_of_record
TN:
SF:src/Basic_class/playlist.ts
FN:25,(anonymous_0)
FN:33,(anonymous_1)
FN:41,(anonymous_2)
FN:49,(anonymous_3)
FN:57,(anonymous_4)
FN:65,(anonymous_5)
FN:73,(anonymous_6)
FN:81,(anonymous_7)
FN:89,(anonymous_8)
FN:97,(anonymous_9)
FN:107,(anonymous_10)
FN:109,(anonymous_11)
FN:121,(anonymous_12)
FN:132,(anonymous_13)
FN:134,(anonymous_14)
FN:142,(anonymous_15)
FN:145,(anonymous_16)
FN:147,(anonymous_17)
FN:150,(anonymous_18)
FN:153,(anonymous_19)
FNF:20
FNH:15
FNDA:4,(anonymous_0)
FNDA:1,(anonymous_1)
FNDA:2,(anonymous_2)
FNDA:1,(anonymous_3)
FNDA:2,(anonymous_4)
FNDA:2,(anonymous_5)
FNDA:2,(anonymous_6)
FNDA:2,(anonymous_7)
FNDA:2,(anonymous_8)
FNDA:1,(anonymous_9)
FNDA:1,(anonymous_10)
FNDA:11,(anonymous_11)
FNDA:1,(anonymous_12)
FNDA:1,(anonymous_13)
FNDA:3,(anonymous_14)
FNDA:0,(anonymous_15)
FNDA:0,(anonymous_16)
FNDA:0,(anonymous_17)
FNDA:0,(anonymous_18)
FNDA:0,(anonymous_19)
DA:1,1
DA:2,1
DA:3,1
DA:4,1
DA:17,1
DA:25,4
DA:26,4
DA:34,1
DA:42,2
DA:50,1
DA:58,2
DA:66,2
DA:74,2
DA:82,2
DA:90,2
DA:98,1
DA:99,1
DA:100,1
DA:108,1
DA:109,1
DA:110,11
DA:111,1
DA:114,1
DA:122,1
DA:123,1
DA:124,1
DA:133,1
DA:134,1
DA:135,3
DA:136,1
DA:139,1
DA:143,0
DA:145,0
DA:146,0
DA:147,0
DA:149,0
DA:150,0
DA:151,0
DA:152,0
DA:153,0
DA:154,0
DA:155,0
DA:157,0
DA:158,0
DA:162,0
DA:165,0
LF:46
LH:31
BRDA:110,0,0,1
BRDA:110,0,1,10
BRDA:135,1,0,1
BRDA:135,1,1,2
BRDA:151,2,0,0
BRDA:151,2,1,0
BRF:6
BRH:4
end_of_record
TN:
SF:src/Basic_class/song.ts
FN:27,(anonymous_0)
FN:36,(anonymous_1)
FN:44,(anonymous_2)
FN:52,(anonymous_3)
FN:60,(anonymous_4)
FN:68,(anonymous_5)
FN:76,(anonymous_6)
FN:84,(anonymous_7)
FN:92,(anonymous_8)
FN:100,(anonymous_9)
FN:108,(anonymous_10)
FN:116,(anonymous_11)
FN:124,(anonymous_12)
FN:132,(anonymous_13)
FN:143,(anonymous_14)
FN:145,(anonymous_15)
FN:153,(anonymous_16)
FN:156,(anonymous_17)
FN:158,(anonymous_18)
FN:162,(anonymous_19)
FNF:20
FNH:16
FNDA:50,(anonymous_0)
FNDA:19,(anonymous_1)
FNDA:2,(anonymous_2)
FNDA:2,(anonymous_3)
FNDA:3,(anonymous_4)
FNDA:2,(anonymous_5)
FNDA:2,(anonymous_6)
FNDA:2,(anonymous_7)
FNDA:2,(anonymous_8)
FNDA:2,(anonymous_9)
FNDA:2,(anonymous_10)
FNDA:2,(anonymous_11)
FNDA:2,(anonymous_12)
FNDA:1,(anonymous_13)
FNDA:1,(anonymous_14)
FNDA:2,(anonymous_15)
FNDA:0,(anonymous_16)
FNDA:0,(anonymous_17)
FNDA:0,(anonymous_18)
FNDA:0,(anonymous_19)
DA:1,1
DA:2,1
DA:3,1
DA:17,1
DA:27,50
DA:28,50
DA:29,50
DA:37,19
DA:45,2
DA:53,2
DA:61,3
DA:69,2
DA:77,2
DA:85,2
DA:93,2
DA:101,2
DA:109,2
DA:117,2
DA:125,2
DA:133,1
DA:134,1
DA:135,1
DA:144,1
DA:145,1
DA:146,2
DA:147,1
DA:150,1
DA:154,0
DA:156,0
DA:157,0
DA:158,0
DA:160,0
DA:161,0
DA:162,0
DA:163,0
DA:164,0
DA:167,0
DA:168,0
DA:172,0
LF:39
LH:27
BRDA:146,0,0,1
BRDA:146,0,1,1
BRDA:160,1,0,0
BRDA:160,1,1,0
BRF:4
BRH:2
end_of_record
TN:
SF:src/Data/data.ts
FNF:0
FNH:0
DA:1,1
DA:2,1
DA:3,1
DA:4,1
DA:5,1
DA:6,1
DA:9,1
DA:10,1
DA:11,1
DA:12,1
DA:13,1
DA:14,1
DA:15,1
DA:16,1
DA:17,1
DA:18,1
DA:20,1
DA:23,1
DA:24,1
DA:25,1
DA:26,1
DA:27,1
DA:28,1
DA:29,1
DA:30,1
DA:31,1
DA:32,1
DA:33,1
DA:34,1
DA:35,1
DA:36,1
DA:37,1
DA:38,1
DA:39,1
DA:40,1
DA:41,1
DA:42,1
DA:43,1
DA:44,1
DA:45,1
DA:47,1
DA:54,1
DA:55,1
DA:56,1
DA:57,1
DA:58,1
DA:60,1
DA:63,1
DA:64,1
DA:65,1
DA:66,1
DA:67,1
DA:68,1
DA:69,1
DA:70,1
DA:71,1
DA:72,1
DA:73,1
DA:74,1
DA:75,1
DA:76,1
DA:77,1
DA:78,1
DA:79,1
DA:80,1
DA:81,1
DA:82,1
DA:83,1
DA:84,1
DA:85,1
DA:86,1
DA:87,1
DA:88,1
DA:89,1
DA:90,1
DA:91,1
DA:92,1
DA:93,1
DA:94,1
DA:95,1
DA:96,1
DA:97,1
DA:98,1
DA:99,1
DA:100,1
DA:101,1
DA:102,1
DA:103,1
DA:104,1
DA:105,1
DA:106,1
DA:107,1
DA:108,1
DA:109,1
DA:110,1
DA:111,1
DA:112,1
DA:114,1
DA:123,1
DA:124,1
DA:125,1
DA:126,1
DA:127,1
DA:128,1
DA:129,1
DA:130,1
DA:131,1
DA:132,1
DA:134,1
DA:139,1
DA:140,1
DA:141,1
DA:142,1
DA:144,1
LF:114
LH:114
BRF:0
BRH:0
end_of_record
