TN:
SF:src/Basic_class/album.ts
FN:26,(anonymous_0)
FN:35,(anonymous_1)
FN:43,(anonymous_2)
FN:50,(anonymous_3)
FN:58,(anonymous_4)
FN:66,(anonymous_5)
FN:74,(anonymous_6)
FN:81,(anonymous_7)
FN:89,(anonymous_8)
FN:97,(anonymous_9)
FN:108,(anonymous_10)
FN:110,(anonymous_11)
FN:122,(anonymous_12)
FN:133,(anonymous_13)
FN:135,(anonymous_14)
FN:148,(anonymous_15)
FN:151,(anonymous_16)
FN:153,(anonymous_17)
FN:156,(anonymous_18)
FN:159,(anonymous_19)
FNF:20
FNH:15
FNDA:10,(anonymous_0)
FNDA:1,(anonymous_1)
FNDA:1,(anonymous_2)
FNDA:2,(anonymous_3)
FNDA:2,(anonymous_4)
FNDA:2,(anonymous_5)
FNDA:2,(anonymous_6)
FNDA:2,(anonymous_7)
FNDA:2,(anonymous_8)
FNDA:1,(anonymous_9)
FNDA:1,(anonymous_10)
FNDA:2,(anonymous_11)
FNDA:1,(anonymous_12)
FNDA:1,(anonymous_13)
FNDA:6,(anonymous_14)
FNDA:0,(anonymous_15)
FNDA:0,(anonymous_16)
FNDA:0,(anonymous_17)
FNDA:0,(anonymous_18)
FNDA:0,(anonymous_19)
DA:1,1
DA:2,1
DA:3,1
DA:4,1
DA:19,1
DA:26,10
DA:27,10
DA:36,1
DA:44,1
DA:51,2
DA:59,2
DA:67,2
DA:75,2
DA:82,2
DA:90,2
DA:98,1
DA:99,1
DA:100,1
DA:109,1
DA:110,1
DA:111,2
DA:112,1
DA:115,1
DA:123,1
DA:124,1
DA:125,1
DA:134,1
DA:135,1
DA:136,6
DA:137,1
DA:140,1
DA:149,0
DA:151,0
DA:152,0
DA:153,0
DA:155,0
DA:156,0
DA:157,0
DA:158,0
DA:159,0
DA:160,0
DA:161,0
DA:163,0
DA:164,0
DA:167,0
DA:170,0
LF:46
LH:31
BRDA:111,0,0,1
BRDA:111,0,1,1
BRDA:136,1,0,1
BRDA:136,1,1,5
BRDA:157,2,0,0
BRDA:157,2,1,0
BRF:6
BRH:4
end_of_record
TN:
SF:src/Basic_class/artist.ts
FN:26,(anonymous_0)
FN:37,(anonymous_1)
FN:38,(anonymous_2)
FN:47,(anonymous_3)
FN:55,(anonymous_4)
FN:63,(anonymous_5)
FN:71,(anonymous_6)
FN:79,(anonymous_7)
FN:87,(anonymous_8)
FN:95,(anonymous_9)
FN:107,(anonymous_10)
FN:109,(anonymous_11)
FN:122,(anonymous_12)
FN:125,(anonymous_13)
FN:127,(anonymous_14)
FNF:15
FNH:12
FNDA:23,(anonymous_0)
FNDA:18,(anonymous_1)
FNDA:18,(anonymous_2)
FNDA:6,(anonymous_3)
FNDA:3,(anonymous_4)
FNDA:20,(anonymous_5)
FNDA:2,(anonymous_6)
FNDA:2,(anonymous_7)
FNDA:2,(anonymous_8)
FNDA:1,(anonymous_9)
FNDA:1,(anonymous_10)
FNDA:2,(anonymous_11)
FNDA:0,(anonymous_12)
FNDA:0,(anonymous_13)
FNDA:0,(anonymous_14)
DA:3,1
DA:18,1
DA:26,23
DA:27,23
DA:38,18
DA:39,18
DA:48,6
DA:56,3
DA:64,20
DA:72,2
DA:80,2
DA:88,2
DA:96,1
DA:97,1
DA:98,1
DA:108,1
DA:109,1
DA:110,2
DA:111,1
DA:114,1
DA:123,0
DA:125,0
DA:126,0
DA:127,0
DA:129,0
DA:131,0
LF:26
LH:20
BRDA:110,0,0,1
BRDA:110,0,1,1
BRF:2
BRH:2
end_of_record
TN:
SF:src/Basic_class/group.ts
FN:28,(anonymous_0)
FN:37,(anonymous_1)
FN:45,(anonymous_2)
FN:53,(anonymous_3)
FN:61,(anonymous_4)
FN:69,(anonymous_5)
FN:77,(anonymous_6)
FN:85,(anonymous_7)
FN:93,(anonymous_8)
FN:101,(anonymous_9)
FN:112,(anonymous_10)
FN:114,(anonymous_11)
FN:126,(anonymous_12)
FN:137,(anonymous_13)
FN:139,(anonymous_14)
FN:152,(anonymous_15)
FN:155,(anonymous_16)
FN:157,(anonymous_17)
FN:160,(anonymous_18)
FNF:19
FNH:15
FNDA:5,(anonymous_0)
FNDA:1,(anonymous_1)
FNDA:2,(anonymous_2)
FNDA:2,(anonymous_3)
FNDA:20,(anonymous_4)
FNDA:2,(anonymous_5)
FNDA:1,(anonymous_6)
FNDA:2,(anonymous_7)
FNDA:2,(anonymous_8)
FNDA:1,(anonymous_9)
FNDA:1,(anonymous_10)
FNDA:4,(anonymous_11)
FNDA:1,(anonymous_12)
FNDA:1,(anonymous_13)
FNDA:2,(anonymous_14)
FNDA:0,(anonymous_15)
FNDA:0,(anonymous_16)
FNDA:0,(anonymous_17)
FNDA:0,(anonymous_18)
DA:3,1
DA:4,1
DA:20,1
DA:28,5
DA:29,5
DA:38,1
DA:46,2
DA:54,2
DA:62,20
DA:70,2
DA:78,1
DA:86,2
DA:94,2
DA:102,1
DA:103,1
DA:104,1
DA:113,1
DA:114,1
DA:115,4
DA:116,1
DA:119,1
DA:127,1
DA:128,1
DA:129,1
DA:138,1
DA:139,1
DA:140,2
DA:141,1
DA:144,1
DA:153,0
DA:155,0
DA:156,0
DA:157,0
DA:159,0
DA:160,0
DA:162,0
DA:165,0
LF:37
LH:29
BRDA:115,0,0,1
BRDA:115,0,1,3
BRDA:140,1,0,1
BRDA:140,1,1,1
BRF:4
BRH:4
end_of_record
TN:
SF:src/Basic_class/music_gender.ts
FN:17,(anonymous_0)
FN:25,(anonymous_1)
FN:33,(anonymous_2)
FN:42,(anonymous_3)
FN:44,(anonymous_4)
FNF:5
FNH:3
FNDA:10,(anonymous_0)
FNDA:39,(anonymous_1)
FNDA:2,(anonymous_2)
FNDA:0,(anonymous_3)
FNDA:0,(anonymous_4)
DA:11,1
DA:17,10
DA:26,39
DA:34,2
DA:43,0
DA:44,0
DA:45,0
DA:47,0
LF:8
LH:4
BRF:0
BRH:0
end_of_record
TN:
SF:src/Basic_class/playlist.ts
FN:32,(anonymous_0)
FN:42,(anonymous_1)
FN:50,(anonymous_2)
FN:58,(anonymous_3)
FN:60,(anonymous_4)
FN:72,(anonymous_5)
FN:77,(anonymous_6)
FN:80,(anonymous_7)
FN:82,(anonymous_8)
FN:100,(anonymous_9)
FN:108,(anonymous_10)
FN:116,(anonymous_11)
FN:124,(anonymous_12)
FN:132,(anonymous_13)
FN:142,(anonymous_14)
FN:144,(anonymous_15)
FN:156,(anonymous_16)
FN:167,(anonymous_17)
FN:169,(anonymous_18)
FN:183,(anonymous_19)
FN:186,(anonymous_20)
FN:188,(anonymous_21)
FN:191,(anonymous_22)
FN:194,(anonymous_23)
FNF:24
FNH:19
FNDA:4,(anonymous_0)
FNDA:1,(anonymous_1)
FNDA:2,(anonymous_2)
FNDA:1,(anonymous_3)
FNDA:10,(anonymous_4)
FNDA:1,(anonymous_5)
FNDA:10,(anonymous_6)
FNDA:10,(anonymous_7)
FNDA:13,(anonymous_8)
FNDA:1,(anonymous_9)
FNDA:2,(anonymous_10)
FNDA:2,(anonymous_11)
FNDA:2,(anonymous_12)
FNDA:1,(anonymous_13)
FNDA:1,(anonymous_14)
FNDA:11,(anonymous_15)
FNDA:1,(anonymous_16)
FNDA:1,(anonymous_17)
FNDA:3,(anonymous_18)
FNDA:0,(anonymous_19)
FNDA:0,(anonymous_20)
FNDA:0,(anonymous_21)
FNDA:0,(anonymous_22)
FNDA:0,(anonymous_23)
DA:1,1
DA:2,1
DA:3,1
DA:4,1
DA:19,1
DA:32,4
DA:33,4
DA:34,4
DA:35,4
DA:43,1
DA:51,2
DA:59,1
DA:60,1
DA:61,10
DA:64,1
DA:65,1
DA:73,1
DA:74,1
DA:75,1
DA:77,1
DA:78,10
DA:79,10
DA:80,10
DA:81,10
DA:82,10
DA:83,13
DA:84,8
DA:87,10
DA:88,2
DA:93,1
DA:101,1
DA:109,2
DA:117,2
DA:125,2
DA:133,1
DA:134,1
DA:135,1
DA:143,1
DA:144,1
DA:145,11
DA:146,1
DA:149,1
DA:157,1
DA:158,1
DA:159,1
DA:168,1
DA:169,1
DA:170,3
DA:171,1
DA:175,1
DA:184,0
DA:186,0
DA:187,0
DA:188,0
DA:190,0
DA:191,0
DA:192,0
DA:193,0
DA:194,0
DA:195,0
DA:196,0
DA:198,0
DA:199,0
DA:203,0
DA:206,0
LF:65
LH:50
BRDA:83,0,0,8
BRDA:83,0,1,5
BRDA:87,1,0,2
BRDA:87,1,1,8
BRDA:145,2,0,1
BRDA:145,2,1,10
BRDA:170,3,0,1
BRDA:170,3,1,2
BRDA:192,4,0,0
BRDA:192,4,1,0
BRF:10
BRH:8
end_of_record
TN:
SF:src/Basic_class/song.ts
FN:29,(anonymous_0)
FN:38,(anonymous_1)
FN:46,(anonymous_2)
FN:54,(anonymous_3)
FN:62,(anonymous_4)
FN:70,(anonymous_5)
FN:78,(anonymous_6)
FN:86,(anonymous_7)
FN:94,(anonymous_8)
FN:102,(anonymous_9)
FN:110,(anonymous_10)
FN:118,(anonymous_11)
FN:126,(anonymous_12)
FN:134,(anonymous_13)
FN:145,(anonymous_14)
FN:147,(anonymous_15)
FN:160,(anonymous_16)
FN:163,(anonymous_17)
FN:165,(anonymous_18)
FN:169,(anonymous_19)
FNF:20
FNH:16
FNDA:50,(anonymous_0)
FNDA:19,(anonymous_1)
FNDA:2,(anonymous_2)
FNDA:12,(anonymous_3)
FNDA:13,(anonymous_4)
FNDA:2,(anonymous_5)
FNDA:2,(anonymous_6)
FNDA:2,(anonymous_7)
FNDA:2,(anonymous_8)
FNDA:2,(anonymous_9)
FNDA:2,(anonymous_10)
FNDA:2,(anonymous_11)
FNDA:2,(anonymous_12)
FNDA:1,(anonymous_13)
FNDA:1,(anonymous_14)
FNDA:2,(anonymous_15)
FNDA:0,(anonymous_16)
FNDA:0,(anonymous_17)
FNDA:0,(anonymous_18)
FNDA:0,(anonymous_19)
DA:1,1
DA:2,1
DA:3,1
DA:19,1
DA:29,50
DA:30,50
DA:31,50
DA:39,19
DA:47,2
DA:55,12
DA:63,13
DA:71,2
DA:79,2
DA:87,2
DA:95,2
DA:103,2
DA:111,2
DA:119,2
DA:127,2
DA:135,1
DA:136,1
DA:137,1
DA:146,1
DA:147,1
DA:148,2
DA:149,1
DA:152,1
DA:161,0
DA:163,0
DA:164,0
DA:165,0
DA:167,0
DA:168,0
DA:169,0
DA:170,0
DA:171,0
DA:174,0
DA:175,0
DA:179,0
LF:39
LH:27
BRDA:148,0,0,1
BRDA:148,0,1,1
BRDA:167,1,0,0
BRDA:167,1,1,0
BRF:4
BRH:2
end_of_record
TN:
SF:src/Data/data.ts
FNF:0
FNH:0
DA:1,1
DA:2,1
DA:3,1
DA:4,1
DA:5,1
DA:6,1
DA:9,1
DA:10,1
DA:11,1
DA:12,1
DA:13,1
DA:14,1
DA:15,1
DA:16,1
DA:17,1
DA:18,1
DA:20,1
DA:23,1
DA:24,1
DA:25,1
DA:26,1
DA:27,1
DA:28,1
DA:29,1
DA:30,1
DA:31,1
DA:32,1
DA:33,1
DA:34,1
DA:35,1
DA:36,1
DA:37,1
DA:38,1
DA:39,1
DA:40,1
DA:41,1
DA:42,1
DA:43,1
DA:44,1
DA:45,1
DA:47,1
DA:54,1
DA:55,1
DA:56,1
DA:57,1
DA:58,1
DA:60,1
DA:63,1
DA:64,1
DA:65,1
DA:66,1
DA:67,1
DA:68,1
DA:69,1
DA:70,1
DA:71,1
DA:72,1
DA:73,1
DA:74,1
DA:75,1
DA:76,1
DA:77,1
DA:78,1
DA:79,1
DA:80,1
DA:81,1
DA:82,1
DA:83,1
DA:84,1
DA:85,1
DA:86,1
DA:87,1
DA:88,1
DA:89,1
DA:90,1
DA:91,1
DA:92,1
DA:93,1
DA:94,1
DA:95,1
DA:96,1
DA:97,1
DA:98,1
DA:99,1
DA:100,1
DA:101,1
DA:102,1
DA:103,1
DA:104,1
DA:105,1
DA:106,1
DA:107,1
DA:108,1
DA:109,1
DA:110,1
DA:111,1
DA:112,1
DA:114,1
DA:123,1
DA:124,1
DA:125,1
DA:126,1
DA:127,1
DA:128,1
DA:129,1
DA:130,1
DA:131,1
DA:132,1
DA:134,1
DA:139,1
DA:140,1
DA:141,1
DA:142,1
DA:144,1
LF:114
LH:114
BRF:0
BRH:0
end_of_record
